<?xml version="1.0" encoding="UTF-8"?>
<!-- Generated by org.testng.reporters.JUnitReportReporter -->
<testsuite hostname="EXIPC0143" failures="0" tests="1" name="com.axelerant.base.TestBase" time="5.084" errors="0" timestamp="2020-10-13T15:13:08 IST" skipped="0">
  <testcase classname="com.axelerant.base.TestBase" name="launchBrowserInstance" time="5.084"/>
  <system-out/>
</testsuite> <!-- com.axelerant.base.TestBase -->
